2025-11-13 02:20:38.911 +02:00 [INF] User profile is available. Using 'C:\Users\maksy\AppData\Local\ASP.NET\DataProtection-Keys' as key repository and Windows DPAPI to encrypt keys at rest.
2025-11-13 02:20:39.043 +02:00 [INF] Now listening on: http://localhost:5290
2025-11-13 02:20:39.102 +02:00 [INF] Application started. Press Ctrl+C to shut down.
2025-11-13 02:20:39.102 +02:00 [INF] Hosting environment: Development
2025-11-13 02:20:39.102 +02:00 [INF] Content root path: D:\Univer\Sem_08\LogopedApp\LogopedAppBack\UserService
2025-11-13 02:21:04.301 +02:00 [INF] User profile is available. Using 'C:\Users\maksy\AppData\Local\ASP.NET\DataProtection-Keys' as key repository and Windows DPAPI to encrypt keys at rest.
2025-11-13 02:21:04.499 +02:00 [INF] Now listening on: http://localhost:5290
2025-11-13 02:21:04.555 +02:00 [INF] Application started. Press Ctrl+C to shut down.
2025-11-13 02:21:04.555 +02:00 [INF] Hosting environment: Development
2025-11-13 02:21:04.555 +02:00 [INF] Content root path: D:\Univer\Sem_08\LogopedApp\LogopedAppBack\UserService
2025-11-13 02:22:27.032 +02:00 [INF] User profile is available. Using 'C:\Users\maksy\AppData\Local\ASP.NET\DataProtection-Keys' as key repository and Windows DPAPI to encrypt keys at rest.
2025-11-13 02:22:27.173 +02:00 [INF] Now listening on: http://localhost:5290
2025-11-13 02:22:27.249 +02:00 [INF] Application started. Press Ctrl+C to shut down.
2025-11-13 02:22:27.250 +02:00 [INF] Hosting environment: Development
2025-11-13 02:22:27.250 +02:00 [INF] Content root path: D:\Univer\Sem_08\LogopedApp\LogopedAppBack\UserService
2025-11-13 02:22:50.693 +02:00 [INF] User profile is available. Using 'C:\Users\maksy\AppData\Local\ASP.NET\DataProtection-Keys' as key repository and Windows DPAPI to encrypt keys at rest.
2025-11-13 02:22:50.865 +02:00 [INF] Now listening on: http://localhost:5290
2025-11-13 02:22:50.941 +02:00 [INF] Application started. Press Ctrl+C to shut down.
2025-11-13 02:22:50.941 +02:00 [INF] Hosting environment: Development
2025-11-13 02:22:50.941 +02:00 [INF] Content root path: D:\Univer\Sem_08\LogopedApp\LogopedAppBack\UserService
2025-11-13 02:25:47.839 +02:00 [INF] User profile is available. Using 'C:\Users\maksy\AppData\Local\ASP.NET\DataProtection-Keys' as key repository and Windows DPAPI to encrypt keys at rest.
2025-11-13 02:25:47.968 +02:00 [INF] Now listening on: http://localhost:5290
2025-11-13 02:25:48.018 +02:00 [INF] Application started. Press Ctrl+C to shut down.
2025-11-13 02:25:48.019 +02:00 [INF] Hosting environment: Development
2025-11-13 02:25:48.019 +02:00 [INF] Content root path: D:\Univer\Sem_08\LogopedApp\LogopedAppBack\UserService
2025-11-13 02:26:52.398 +02:00 [INF] Application is shutting down...
