2025-11-13 02:25:47.839 +02:00 [INF] User profile is available. Using 'C:\Users\maksy\AppData\Local\ASP.NET\DataProtection-Keys' as key repository and Windows DPAPI to encrypt keys at rest.
2025-11-13 02:25:47.968 +02:00 [INF] Now listening on: http://localhost:5290
2025-11-13 02:25:48.018 +02:00 [INF] Application started. Press Ctrl+C to shut down.
2025-11-13 02:25:48.019 +02:00 [INF] Hosting environment: Development
2025-11-13 02:25:48.019 +02:00 [INF] Content root path: D:\Univer\Sem_08\LogopedApp\LogopedAppBack\UserService
2025-11-13 02:26:52.398 +02:00 [INF] Application is shutting down...
2025-11-13 02:30:15.895 +02:00 [INF] Acquiring an exclusive lock for migration application. See https://aka.ms/efcore-docs-migrations-lock for more information if this takes too long.
2025-11-13 02:30:15.975 +02:00 [INF] Executed DbCommand (14ms) [Parameters=[], CommandType='"Text"', CommandTimeout='30']
SELECT COUNT(*) FROM "sqlite_master" WHERE "name" = '__EFMigrationsLock' AND "type" = 'table';
2025-11-13 02:30:15.993 +02:00 [INF] Executed DbCommand (13ms) [Parameters=[], CommandType='"Text"', CommandTimeout='30']
INSERT OR IGNORE INTO "__EFMigrationsLock"("Id", "Timestamp") VALUES(1, '2025-11-13 00:30:15.9787878+00:00');
SELECT changes();
2025-11-13 02:30:16.053 +02:00 [INF] Executed DbCommand (1ms) [Parameters=[], CommandType='"Text"', CommandTimeout='30']
CREATE TABLE IF NOT EXISTS "__EFMigrationsHistory" (
    "MigrationId" TEXT NOT NULL CONSTRAINT "PK___EFMigrationsHistory" PRIMARY KEY,
    "ProductVersion" TEXT NOT NULL
);
2025-11-13 02:30:16.062 +02:00 [INF] Executed DbCommand (0ms) [Parameters=[], CommandType='"Text"', CommandTimeout='30']
SELECT COUNT(*) FROM "sqlite_master" WHERE "name" = '__EFMigrationsHistory' AND "type" = 'table';
2025-11-13 02:30:16.065 +02:00 [INF] Executed DbCommand (1ms) [Parameters=[], CommandType='"Text"', CommandTimeout='30']
SELECT "MigrationId", "ProductVersion"
FROM "__EFMigrationsHistory"
ORDER BY "MigrationId";
2025-11-13 02:30:16.078 +02:00 [INF] No migrations were applied. The database is already up to date.
2025-11-13 02:30:16.082 +02:00 [INF] Executed DbCommand (2ms) [Parameters=[], CommandType='"Text"', CommandTimeout='30']
DELETE FROM "__EFMigrationsLock";
2025-11-13 02:30:16.166 +02:00 [INF] User profile is available. Using 'C:\Users\maksy\AppData\Local\ASP.NET\DataProtection-Keys' as key repository and Windows DPAPI to encrypt keys at rest.
2025-11-13 02:30:16.277 +02:00 [INF] Now listening on: http://localhost:5290
2025-11-13 02:30:16.343 +02:00 [INF] Application started. Press Ctrl+C to shut down.
2025-11-13 02:30:16.343 +02:00 [INF] Hosting environment: Development
2025-11-13 02:30:16.343 +02:00 [INF] Content root path: D:\Univer\Sem_08\LogopedApp\LogopedAppBack\UserService
2025-11-13 02:30:41.365 +02:00 [INF] Acquiring an exclusive lock for migration application. See https://aka.ms/efcore-docs-migrations-lock for more information if this takes too long.
2025-11-13 02:30:41.448 +02:00 [INF] Executed DbCommand (19ms) [Parameters=[], CommandType='"Text"', CommandTimeout='30']
SELECT COUNT(*) FROM "sqlite_master" WHERE "name" = '__EFMigrationsLock' AND "type" = 'table';
2025-11-13 02:30:41.465 +02:00 [INF] Executed DbCommand (12ms) [Parameters=[], CommandType='"Text"', CommandTimeout='30']
INSERT OR IGNORE INTO "__EFMigrationsLock"("Id", "Timestamp") VALUES(1, '2025-11-13 00:30:41.4519864+00:00');
SELECT changes();
2025-11-13 02:30:41.529 +02:00 [INF] Executed DbCommand (1ms) [Parameters=[], CommandType='"Text"', CommandTimeout='30']
CREATE TABLE IF NOT EXISTS "__EFMigrationsHistory" (
    "MigrationId" TEXT NOT NULL CONSTRAINT "PK___EFMigrationsHistory" PRIMARY KEY,
    "ProductVersion" TEXT NOT NULL
);
2025-11-13 02:30:41.538 +02:00 [INF] Executed DbCommand (0ms) [Parameters=[], CommandType='"Text"', CommandTimeout='30']
SELECT COUNT(*) FROM "sqlite_master" WHERE "name" = '__EFMigrationsHistory' AND "type" = 'table';
2025-11-13 02:30:41.542 +02:00 [INF] Executed DbCommand (1ms) [Parameters=[], CommandType='"Text"', CommandTimeout='30']
SELECT "MigrationId", "ProductVersion"
FROM "__EFMigrationsHistory"
ORDER BY "MigrationId";
2025-11-13 02:30:41.554 +02:00 [INF] No migrations were applied. The database is already up to date.
2025-11-13 02:30:41.558 +02:00 [INF] Executed DbCommand (1ms) [Parameters=[], CommandType='"Text"', CommandTimeout='30']
DELETE FROM "__EFMigrationsLock";
2025-11-13 02:30:41.639 +02:00 [INF] User profile is available. Using 'C:\Users\maksy\AppData\Local\ASP.NET\DataProtection-Keys' as key repository and Windows DPAPI to encrypt keys at rest.
2025-11-13 02:30:41.771 +02:00 [INF] Now listening on: http://localhost:5290
2025-11-13 02:30:41.859 +02:00 [INF] Application started. Press Ctrl+C to shut down.
2025-11-13 02:30:41.859 +02:00 [INF] Hosting environment: Development
2025-11-13 02:30:41.859 +02:00 [INF] Content root path: D:\Univer\Sem_08\LogopedApp\LogopedAppBack\UserService
2025-11-13 02:31:46.181 +02:00 [INF] User profile is available. Using 'C:\Users\maksy\AppData\Local\ASP.NET\DataProtection-Keys' as key repository and Windows DPAPI to encrypt keys at rest.
2025-11-13 02:31:46.336 +02:00 [INF] Now listening on: http://localhost:5290
2025-11-13 02:31:46.387 +02:00 [INF] Application started. Press Ctrl+C to shut down.
2025-11-13 02:31:46.388 +02:00 [INF] Hosting environment: Development
2025-11-13 02:31:46.389 +02:00 [INF] Content root path: D:\Univer\Sem_08\LogopedApp\LogopedAppBack\UserService
2025-11-13 02:32:56.105 +02:00 [INF] Request starting HTTP/1.1 GET http://localhost:5290/ - null null
2025-11-13 02:32:56.241 +02:00 [INF] Request finished HTTP/1.1 GET http://localhost:5290/ - 404 0 null 137.8012ms
2025-11-13 02:32:56.258 +02:00 [INF] Request reached the end of the middleware pipeline without being handled by application code. Request path: GET http://localhost:5290/, Response status code: 404
2025-11-13 02:35:46.418 +02:00 [INF] Request starting HTTP/1.1 GET http://localhost:5290/swagger - null null
2025-11-13 02:35:46.438 +02:00 [INF] Request finished HTTP/1.1 GET http://localhost:5290/swagger - 301 0 null 21.1447ms
2025-11-13 02:35:46.445 +02:00 [INF] Request starting HTTP/1.1 GET http://localhost:5290/swagger/index.html - null null
2025-11-13 02:35:46.522 +02:00 [INF] Request finished HTTP/1.1 GET http://localhost:5290/swagger/index.html - 200 null text/html;charset=utf-8 76.4253ms
2025-11-13 02:35:46.694 +02:00 [INF] Request starting HTTP/1.1 GET http://localhost:5290/swagger/index.css - null null
2025-11-13 02:35:46.696 +02:00 [INF] Request starting HTTP/1.1 GET http://localhost:5290/swagger/swagger-ui-bundle.js - null null
2025-11-13 02:35:46.697 +02:00 [INF] Request starting HTTP/1.1 GET http://localhost:5290/swagger/swagger-ui-standalone-preset.js - null null
2025-11-13 02:35:46.700 +02:00 [INF] Request starting HTTP/1.1 GET http://localhost:5290/swagger/swagger-ui.css - null null
2025-11-13 02:35:46.703 +02:00 [INF] Request starting HTTP/1.1 GET http://localhost:5290/swagger/index.js - null null
2025-11-13 02:35:46.704 +02:00 [INF] Request starting HTTP/1.1 GET http://localhost:5290/_framework/aspnetcore-browser-refresh.js - null null
2025-11-13 02:35:46.706 +02:00 [INF] Request finished HTTP/1.1 GET http://localhost:5290/swagger/index.js - 200 null application/javascript;charset=utf-8 2.5136ms
2025-11-13 02:35:46.710 +02:00 [INF] Request finished HTTP/1.1 GET http://localhost:5290/_framework/aspnetcore-browser-refresh.js - 200 16507 application/javascript; charset=utf-8 5.3947ms
2025-11-13 02:35:46.712 +02:00 [INF] Sending file. Request path: '/index.css'. Physical path: 'N/A'
2025-11-13 02:35:46.713 +02:00 [INF] Request finished HTTP/1.1 GET http://localhost:5290/swagger/index.css - 200 202 text/css 18.8019ms
2025-11-13 02:35:46.714 +02:00 [INF] Request starting HTTP/1.1 GET http://localhost:5290/_vs/browserLink - null null
2025-11-13 02:35:46.722 +02:00 [INF] Sending file. Request path: '/swagger-ui.css'. Physical path: 'N/A'
2025-11-13 02:35:46.727 +02:00 [INF] Request finished HTTP/1.1 GET http://localhost:5290/swagger/swagger-ui.css - 200 152034 text/css 26.5072ms
2025-11-13 02:35:46.730 +02:00 [INF] Sending file. Request path: '/swagger-ui-standalone-preset.js'. Physical path: 'N/A'
2025-11-13 02:35:46.732 +02:00 [INF] Request finished HTTP/1.1 GET http://localhost:5290/swagger/swagger-ui-standalone-preset.js - 200 230293 text/javascript 34.5943ms
2025-11-13 02:35:46.770 +02:00 [INF] Sending file. Request path: '/swagger-ui-bundle.js'. Physical path: 'N/A'
2025-11-13 02:35:46.771 +02:00 [INF] Request finished HTTP/1.1 GET http://localhost:5290/swagger/swagger-ui-bundle.js - 200 1452753 text/javascript 75.1776ms
2025-11-13 02:35:46.850 +02:00 [INF] Request finished HTTP/1.1 GET http://localhost:5290/_vs/browserLink - 200 null text/javascript; charset=UTF-8 135.7718ms
2025-11-13 02:35:47.067 +02:00 [INF] Request starting HTTP/1.1 GET http://localhost:5290/swagger/v1/swagger.json - null null
2025-11-13 02:35:47.081 +02:00 [INF] Request finished HTTP/1.1 GET http://localhost:5290/swagger/v1/swagger.json - 200 null application/json;charset=utf-8 14.7229ms
2025-11-13 02:35:47.116 +02:00 [INF] Request starting HTTP/1.1 GET http://localhost:5290/swagger/favicon-32x32.png - null null
2025-11-13 02:35:47.118 +02:00 [INF] Sending file. Request path: '/favicon-32x32.png'. Physical path: 'N/A'
2025-11-13 02:35:47.119 +02:00 [INF] Request finished HTTP/1.1 GET http://localhost:5290/swagger/favicon-32x32.png - 200 628 image/png 2.8911ms
2025-11-13 02:35:58.903 +02:00 [INF] Request starting HTTP/1.1 POST http://localhost:5290/api/Users/register - application/json 74
2025-11-13 02:35:58.912 +02:00 [INF] Executing endpoint 'UserService.Controllers.UsersController.Register (UserService)'
2025-11-13 02:35:58.957 +02:00 [INF] Route matched with {action = "Register", controller = "Users"}. Executing controller action with signature System.Threading.Tasks.Task`1[Microsoft.AspNetCore.Mvc.IActionResult] Register(RegisterRequest) on controller UserService.Controllers.UsersController (UserService).
2025-11-13 02:36:00.282 +02:00 [INF] Executing CreatedAtActionResult, writing value of type '<>f__AnonymousType1`3[[System.Int32, System.Private.CoreLib, Version=9.0.0.0, Culture=neutral, PublicKeyToken=7cec85d7bea7798e],[System.String, System.Private.CoreLib, Version=9.0.0.0, Culture=neutral, PublicKeyToken=7cec85d7bea7798e],[System.String, System.Private.CoreLib, Version=9.0.0.0, Culture=neutral, PublicKeyToken=7cec85d7bea7798e]]'.
2025-11-13 02:36:00.309 +02:00 [INF] Executed action UserService.Controllers.UsersController.Register (UserService) in 1345.7119ms
2025-11-13 02:36:00.310 +02:00 [INF] Executed endpoint 'UserService.Controllers.UsersController.Register (UserService)'
2025-11-13 02:36:00.315 +02:00 [INF] Request finished HTTP/1.1 POST http://localhost:5290/api/Users/register - 201 null application/json; charset=utf-8 1413.2033ms
2025-11-13 02:36:48.770 +02:00 [INF] Request starting HTTP/1.1 POST http://localhost:5290/api/Users/login - application/json 57
2025-11-13 02:36:48.794 +02:00 [INF] Executing endpoint 'UserService.Controllers.UsersController.Login (UserService)'
2025-11-13 02:36:48.813 +02:00 [INF] Route matched with {action = "Login", controller = "Users"}. Executing controller action with signature System.Threading.Tasks.Task`1[Microsoft.AspNetCore.Mvc.ActionResult`1[UserService.Contracts.AuthDtos+LoginResponse]] Login(LoginRequest) on controller UserService.Controllers.UsersController (UserService).
2025-11-13 02:36:49.515 +02:00 [INF] Executing ObjectResult, writing value of type 'UserService.Contracts.AuthDtos+LoginResponse'.
2025-11-13 02:36:49.519 +02:00 [INF] Executed action UserService.Controllers.UsersController.Login (UserService) in 704.9975ms
2025-11-13 02:36:49.519 +02:00 [INF] Executed endpoint 'UserService.Controllers.UsersController.Login (UserService)'
2025-11-13 02:36:49.520 +02:00 [INF] Request finished HTTP/1.1 POST http://localhost:5290/api/Users/login - 200 null application/json; charset=utf-8 749.8537ms
